\BOOKMARK [1][-]{section.1}{Schule 5. Semester}{}% 1
\BOOKMARK [2][-]{subsection.1.1}{Hausaufgaben}{section.1}% 2
\BOOKMARK [3][-]{subsubsection.1.1.1}{Pr\374fungstermine}{subsection.1.1}% 3
\BOOKMARK [3][-]{subsubsection.1.1.2}{2015-08-18}{subsection.1.1}% 4
\BOOKMARK [3][-]{subsubsection.1.1.3}{2015-08-25}{subsection.1.1}% 5
\BOOKMARK [3][-]{subsubsection.1.1.4}{2015-09-01}{subsection.1.1}% 6
\BOOKMARK [3][-]{subsubsection.1.1.5}{2015-11-10}{subsection.1.1}% 7
\BOOKMARK [2][-]{subsection.1.2}{Notizen}{section.1}% 8
\BOOKMARK [3][-]{subsubsection.1.2.1}{2015-08-19}{subsection.1.2}% 9
\BOOKMARK [3][-]{subsubsection.1.2.2}{2015-08-25}{subsection.1.2}% 10
\BOOKMARK [3][-]{subsubsection.1.2.3}{2015-09-01}{subsection.1.2}% 11
\BOOKMARK [3][-]{subsubsection.1.2.4}{2015-09-08}{subsection.1.2}% 12
\BOOKMARK [3][-]{subsubsection.1.2.5}{2015-09-15}{subsection.1.2}% 13
\BOOKMARK [3][-]{subsubsection.1.2.6}{2015-09-22}{subsection.1.2}% 14
\BOOKMARK [3][-]{subsubsection.1.2.7}{2015-09-29}{subsection.1.2}% 15
\BOOKMARK [3][-]{subsubsection.1.2.8}{2015-10-20}{subsection.1.2}% 16
\BOOKMARK [3][-]{subsubsection.1.2.9}{2015-10-27}{subsection.1.2}% 17
\BOOKMARK [3][-]{subsubsection.1.2.10}{2015-12-01}{subsection.1.2}% 18
\BOOKMARK [3][-]{subsubsection.1.2.11}{2015-12-15}{subsection.1.2}% 19
\BOOKMARK [3][-]{subsubsection.1.2.12}{2016-01-12}{subsection.1.2}% 20
\BOOKMARK [2][-]{subsection.1.3}{Hausaufgaben}{section.1}% 21
\BOOKMARK [3][-]{subsubsection.1.3.1}{auf 2015-09-08}{subsection.1.3}% 22
